{"D:\\dev\\visualcode\\refactoring\\util-deducible-parser\\src\\index.js": {"path":"D:\\dev\\visualcode\\refactoring\\util-deducible-parser\\src\\index.js","statementMap":{"0":{"start":{"line":1,"column":20},"end":{"line":1,"column":168}},"1":{"start":{"line":3,"column":27},"end":{"line":13,"column":1}},"2":{"start":{"line":4,"column":2},"end":{"line":4,"column":30}},"3":{"start":{"line":6,"column":13},"end":{"line":6,"column":31}},"4":{"start":{"line":7,"column":25},"end":{"line":7,"column":48}},"5":{"start":{"line":9,"column":18},"end":{"line":9,"column":70}},"6":{"start":{"line":9,"column":52},"end":{"line":9,"column":69}},"7":{"start":{"line":10,"column":2},"end":{"line":10,"column":34}},"8":{"start":{"line":12,"column":2},"end":{"line":12,"column":21}},"9":{"start":{"line":15,"column":15},"end":{"line":32,"column":1}},"10":{"start":{"line":17,"column":20},"end":{"line":17,"column":43}},"11":{"start":{"line":18,"column":17},"end":{"line":18,"column":37}},"12":{"start":{"line":19,"column":17},"end":{"line":19,"column":37}},"13":{"start":{"line":20,"column":15},"end":{"line":20,"column":33}},"14":{"start":{"line":21,"column":16},"end":{"line":21,"column":35}},"15":{"start":{"line":22,"column":17},"end":{"line":22,"column":37}},"16":{"start":{"line":24,"column":2},"end":{"line":31,"column":4}},"17":{"start":{"line":34,"column":21},"end":{"line":37,"column":1}},"18":{"start":{"line":35,"column":23},"end":{"line":35,"column":57}},"19":{"start":{"line":36,"column":2},"end":{"line":36,"column":49}},"20":{"start":{"line":39,"column":18},"end":{"line":42,"column":1}},"21":{"start":{"line":40,"column":20},"end":{"line":40,"column":68}},"22":{"start":{"line":41,"column":2},"end":{"line":41,"column":61}},"23":{"start":{"line":44,"column":18},"end":{"line":48,"column":1}},"24":{"start":{"line":45,"column":17},"end":{"line":45,"column":95}},"25":{"start":{"line":46,"column":34},"end":{"line":46,"column":87}},"26":{"start":{"line":47,"column":2},"end":{"line":47,"column":125}},"27":{"start":{"line":50,"column":16},"end":{"line":53,"column":1}},"28":{"start":{"line":51,"column":15},"end":{"line":51,"column":46}},"29":{"start":{"line":52,"column":2},"end":{"line":52,"column":41}},"30":{"start":{"line":55,"column":17},"end":{"line":58,"column":1}},"31":{"start":{"line":56,"column":16},"end":{"line":56,"column":56}},"32":{"start":{"line":57,"column":2},"end":{"line":57,"column":83}},"33":{"start":{"line":60,"column":18},"end":{"line":63,"column":1}},"34":{"start":{"line":61,"column":20},"end":{"line":61,"column":53}},"35":{"start":{"line":62,"column":2},"end":{"line":62,"column":83}},"36":{"start":{"line":65,"column":0},"end":{"line":65,"column":36}}},"fnMap":{"0":{"name":"(anonymous_0)","decl":{"start":{"line":3,"column":27},"end":{"line":3,"column":28}},"loc":{"start":{"line":3,"column":38},"end":{"line":13,"column":1}},"line":3},"1":{"name":"(anonymous_1)","decl":{"start":{"line":9,"column":37},"end":{"line":9,"column":38}},"loc":{"start":{"line":9,"column":52},"end":{"line":9,"column":69}},"line":9},"2":{"name":"(anonymous_2)","decl":{"start":{"line":15,"column":15},"end":{"line":15,"column":16}},"loc":{"start":{"line":15,"column":30},"end":{"line":32,"column":1}},"line":15},"3":{"name":"(anonymous_3)","decl":{"start":{"line":34,"column":21},"end":{"line":34,"column":22}},"loc":{"start":{"line":34,"column":36},"end":{"line":37,"column":1}},"line":34},"4":{"name":"(anonymous_4)","decl":{"start":{"line":39,"column":18},"end":{"line":39,"column":19}},"loc":{"start":{"line":39,"column":33},"end":{"line":42,"column":1}},"line":39},"5":{"name":"(anonymous_5)","decl":{"start":{"line":44,"column":18},"end":{"line":44,"column":19}},"loc":{"start":{"line":44,"column":33},"end":{"line":48,"column":1}},"line":44},"6":{"name":"(anonymous_6)","decl":{"start":{"line":50,"column":16},"end":{"line":50,"column":17}},"loc":{"start":{"line":50,"column":31},"end":{"line":53,"column":1}},"line":50},"7":{"name":"(anonymous_7)","decl":{"start":{"line":55,"column":17},"end":{"line":55,"column":18}},"loc":{"start":{"line":55,"column":32},"end":{"line":58,"column":1}},"line":55},"8":{"name":"(anonymous_8)","decl":{"start":{"line":60,"column":18},"end":{"line":60,"column":19}},"loc":{"start":{"line":60,"column":33},"end":{"line":63,"column":1}},"line":60}},"branchMap":{"0":{"loc":{"start":{"line":47,"column":9},"end":{"line":47,"column":124}},"type":"cond-expr","locations":[{"start":{"line":47,"column":41},"end":{"line":47,"column":110}},{"start":{"line":47,"column":113},"end":{"line":47,"column":124}}],"line":47},"1":{"loc":{"start":{"line":52,"column":9},"end":{"line":52,"column":40}},"type":"cond-expr","locations":[{"start":{"line":52,"column":16},"end":{"line":52,"column":28}},{"start":{"line":52,"column":31},"end":{"line":52,"column":40}}],"line":52},"2":{"loc":{"start":{"line":57,"column":9},"end":{"line":57,"column":82}},"type":"cond-expr","locations":[{"start":{"line":57,"column":17},"end":{"line":57,"column":69}},{"start":{"line":57,"column":72},"end":{"line":57,"column":82}}],"line":57}},"s":{"0":1,"1":1,"2":10,"3":10,"4":10,"5":10,"6":23,"7":10,"8":10,"9":1,"10":23,"11":23,"12":23,"13":23,"14":23,"15":23,"16":23,"17":1,"18":23,"19":23,"20":1,"21":23,"22":23,"23":1,"24":23,"25":23,"26":23,"27":1,"28":23,"29":23,"30":1,"31":23,"32":23,"33":1,"34":23,"35":23,"36":1},"f":{"0":10,"1":23,"2":23,"3":23,"4":23,"5":23,"6":23,"7":23,"8":23},"b":{"0":[2,21],"1":[9,14],"2":[6,17]},"_coverageSchema":"1a1c01bbd47fc00a2c39e90264f33305004495a9","hash":"9c3ffaa8815115aa4af8901e9e308cf4503b32b7"}
,"D:\\dev\\visualcode\\refactoring\\util-deducible-parser\\test\\features\\inputs\\inputs.js": {"path":"D:\\dev\\visualcode\\refactoring\\util-deducible-parser\\test\\features\\inputs\\inputs.js","statementMap":{"0":{"start":{"line":1,"column":0},"end":{"line":102,"column":2}}},"fnMap":{},"branchMap":{},"s":{"0":1},"f":{},"b":{},"_coverageSchema":"1a1c01bbd47fc00a2c39e90264f33305004495a9","hash":"658d7b132d97eb55ce2b2a4bbb05de97fbe4a165"}
,"D:\\dev\\visualcode\\refactoring\\util-deducible-parser\\test\\features\\outputs\\outputs.js": {"path":"D:\\dev\\visualcode\\refactoring\\util-deducible-parser\\test\\features\\outputs\\outputs.js","statementMap":{"0":{"start":{"line":1,"column":0},"end":{"line":226,"column":1}}},"fnMap":{},"branchMap":{},"s":{"0":1},"f":{},"b":{},"_coverageSchema":"1a1c01bbd47fc00a2c39e90264f33305004495a9","hash":"6f6c895f4694da4da788c071a0926bb8d8553bab"}
}
