TN:
SF:src\index.js
FN:3,(anonymous_0)
FN:9,(anonymous_1)
FN:15,(anonymous_2)
FN:34,(anonymous_3)
FN:39,(anonymous_4)
FN:44,(anonymous_5)
FN:50,(anonymous_6)
FN:55,(anonymous_7)
FN:60,(anonymous_8)
FNF:9
FNH:9
FNDA:10,(anonymous_0)
FNDA:23,(anonymous_1)
FNDA:23,(anonymous_2)
FNDA:23,(anonymous_3)
FNDA:23,(anonymous_4)
FNDA:23,(anonymous_5)
FNDA:23,(anonymous_6)
FNDA:23,(anonymous_7)
FNDA:23,(anonymous_8)
DA:1,1
DA:3,1
DA:4,10
DA:6,10
DA:7,10
DA:9,23
DA:10,10
DA:12,10
DA:15,1
DA:17,23
DA:18,23
DA:19,23
DA:20,23
DA:21,23
DA:22,23
DA:24,23
DA:34,1
DA:35,23
DA:36,23
DA:39,1
DA:40,23
DA:41,23
DA:44,1
DA:45,23
DA:46,23
DA:47,23
DA:50,1
DA:51,23
DA:52,23
DA:55,1
DA:56,23
DA:57,23
DA:60,1
DA:61,23
DA:62,23
DA:65,1
LF:36
LH:36
BRDA:47,0,0,2
BRDA:47,0,1,21
BRDA:52,1,0,9
BRDA:52,1,1,14
BRDA:57,2,0,6
BRDA:57,2,1,17
BRF:6
BRH:6
end_of_record
TN:
SF:test\features\inputs\inputs.js
FNF:0
FNH:0
DA:1,1
LF:1
LH:1
BRF:0
BRH:0
end_of_record
TN:
SF:test\features\outputs\outputs.js
FNF:0
FNH:0
DA:1,1
LF:1
LH:1
BRF:0
BRH:0
end_of_record
